app/build/intermediates/manifest_merge_blame_file/debug/manifest-merger-blame-debug-report.txt
1<?xml version="1.0" encoding="utf-8"?>
2<manifest xmlns:android="http://schemas.android.com/apk/res/android"
3    package="com.dtt.qrcodereader"
4    android:versionCode="1"
5    android:versionName="1.0" >
6
7    <uses-sdk
8        android:minSdkVersion="21"
9        android:targetSdkVersion="34" />
10
11    <uses-permission android:name="android.permission.CAMERA" />
11-->src\main\AndroidManifest.xml:5:5-65
11-->src\main\AndroidManifest.xml:5:22-62
12
13    <uses-feature
13-->src\main\AndroidManifest.xml:7:5-9:35
14        android:name="android.hardware.camera"
14-->src\main\AndroidManifest.xml:8:9-47
15        android:required="true" />
15-->src\main\AndroidManifest.xml:9:9-32
16    <uses-feature
16-->src\main\AndroidManifest.xml:10:5-12:35
17        android:name="android.hardware.camera.autofocus"
17-->src\main\AndroidManifest.xml:11:9-57
18        android:required="true" />
18-->src\main\AndroidManifest.xml:12:9-32
19
20    <permission
20-->[androidx.core:core:1.13.0] AndroidManifest.xml:22:5-24:47
21        android:name="com.dtt.qrcodereader.DYNAMIC_RECEIVER_NOT_EXPORTED_PERMISSION"
21-->[androidx.core:core:1.13.0] AndroidManifest.xml:23:9-81
22        android:protectionLevel="signature" />
22-->[androidx.core:core:1.13.0] AndroidManifest.xml:24:9-44
23
24    <uses-permission android:name="com.dtt.qrcodereader.DYNAMIC_RECEIVER_NOT_EXPORTED_PERMISSION" />
24-->[androidx.core:core:1.13.0] AndroidManifest.xml:26:5-97
24-->[androidx.core:core:1.13.0] AndroidManifest.xml:26:22-94
25
26    <uses-feature
26-->[com.journeyapps:zxing-android-embedded:4.3.0] AndroidManifest.xml:28:5-30:36
27        android:name="android.hardware.camera.front"
27-->[com.journeyapps:zxing-android-embedded:4.3.0] AndroidManifest.xml:29:9-53
28        android:required="false" />
28-->[com.journeyapps:zxing-android-embedded:4.3.0] AndroidManifest.xml:30:9-33
29    <uses-feature
29-->[com.journeyapps:zxing-android-embedded:4.3.0] AndroidManifest.xml:36:5-38:36
30        android:name="android.hardware.camera.flash"
30-->[com.journeyapps:zxing-android-embedded:4.3.0] AndroidManifest.xml:37:9-53
31        android:required="false" />
31-->[com.journeyapps:zxing-android-embedded:4.3.0] AndroidManifest.xml:38:9-33
32    <uses-feature
32-->[com.journeyapps:zxing-android-embedded:4.3.0] AndroidManifest.xml:39:5-41:36
33        android:name="android.hardware.screen.landscape"
33-->[com.journeyapps:zxing-android-embedded:4.3.0] AndroidManifest.xml:40:9-57
34        android:required="false" />
34-->[com.journeyapps:zxing-android-embedded:4.3.0] AndroidManifest.xml:41:9-33
35    <uses-feature
35-->[com.journeyapps:zxing-android-embedded:4.3.0] AndroidManifest.xml:42:5-44:36
36        android:name="android.hardware.wifi"
36-->[com.journeyapps:zxing-android-embedded:4.3.0] AndroidManifest.xml:43:9-45
37        android:required="false" />
37-->[com.journeyapps:zxing-android-embedded:4.3.0] AndroidManifest.xml:44:9-33
38
39    <application
39-->src\main\AndroidManifest.xml:14:5-47:19
40        android:allowBackup="true"
40-->src\main\AndroidManifest.xml:15:9-35
41        android:appComponentFactory="androidx.core.app.CoreComponentFactory"
41-->[androidx.core:core:1.13.0] AndroidManifest.xml:28:18-86
42        android:dataExtractionRules="@xml/data_extraction_rules"
42-->src\main\AndroidManifest.xml:16:9-65
43        android:debuggable="true"
44        android:extractNativeLibs="true"
45        android:fullBackupContent="@xml/backup_rules"
45-->src\main\AndroidManifest.xml:17:9-54
46        android:icon="@mipmap/ic_launcher"
46-->src\main\AndroidManifest.xml:18:9-43
47        android:label="@string/app_name"
47-->src\main\AndroidManifest.xml:19:9-41
48        android:requestLegacyExternalStorage="true"
48-->src\main\AndroidManifest.xml:20:9-52
49        android:roundIcon="@mipmap/ic_launcher_round"
49-->src\main\AndroidManifest.xml:21:9-54
50        android:supportsRtl="true"
50-->src\main\AndroidManifest.xml:22:9-35
51        android:testOnly="true"
52        android:theme="@style/Theme.QRCodeReader" >
52-->src\main\AndroidManifest.xml:23:9-50
53        <activity
53-->src\main\AndroidManifest.xml:25:9-33:20
54            android:name="com.dtt.qrcodereader.SplashActivity"
54-->src\main\AndroidManifest.xml:26:13-43
55            android:exported="true" >
55-->src\main\AndroidManifest.xml:27:13-36
56            <intent-filter>
56-->src\main\AndroidManifest.xml:28:13-32:29
57                <action android:name="android.intent.action.MAIN" />
57-->src\main\AndroidManifest.xml:29:17-69
57-->src\main\AndroidManifest.xml:29:25-66
58
59                <category android:name="android.intent.category.LAUNCHER" />
59-->src\main\AndroidManifest.xml:31:17-77
59-->src\main\AndroidManifest.xml:31:27-74
60            </intent-filter>
61        </activity>
62        <activity
62-->src\main\AndroidManifest.xml:34:9-37:72
63            android:name="com.dtt.qrcodereader.HomeActivity"
63-->src\main\AndroidManifest.xml:35:13-41
64            android:exported="false"
64-->src\main\AndroidManifest.xml:36:13-37
65            android:windowSoftInputMode="stateAlwaysHidden|adjustPan" />
65-->src\main\AndroidManifest.xml:37:13-70
66        <activity
66-->src\main\AndroidManifest.xml:38:9-40:40
67            android:name="com.dtt.qrcodereader.QRCodeScannerActivity"
67-->src\main\AndroidManifest.xml:39:13-50
68            android:exported="false" />
68-->src\main\AndroidManifest.xml:40:13-37
69        <activity
69-->src\main\AndroidManifest.xml:42:9-46:57
70            android:name="com.journeyapps.barcodescanner.CaptureActivity"
70-->src\main\AndroidManifest.xml:43:13-74
71            android:clearTaskOnLaunch="true"
71-->[com.journeyapps:zxing-android-embedded:4.3.0] AndroidManifest.xml:49:13-45
72            android:screenOrientation="unspecified"
72-->src\main\AndroidManifest.xml:44:13-52
73            android:stateNotNeeded="true"
73-->src\main\AndroidManifest.xml:45:13-42
74            android:theme="@style/zxing_CaptureTheme"
74-->[com.journeyapps:zxing-android-embedded:4.3.0] AndroidManifest.xml:52:13-54
75            android:windowSoftInputMode="stateAlwaysHidden" />
75-->[com.journeyapps:zxing-android-embedded:4.3.0] AndroidManifest.xml:53:13-60
76
77        <service
77-->[androidx.camera:camera-camera2:1.2.1] AndroidManifest.xml:24:9-33:19
78            android:name="androidx.camera.core.impl.MetadataHolderService"
78-->[androidx.camera:camera-camera2:1.2.1] AndroidManifest.xml:25:13-75
79            android:enabled="false"
79-->[androidx.camera:camera-camera2:1.2.1] AndroidManifest.xml:26:13-36
80            android:exported="false" >
80-->[androidx.camera:camera-camera2:1.2.1] AndroidManifest.xml:27:13-37
81            <meta-data
81-->[androidx.camera:camera-camera2:1.2.1] AndroidManifest.xml:30:13-32:89
82                android:name="androidx.camera.core.impl.MetadataHolderService.DEFAULT_CONFIG_PROVIDER"
82-->[androidx.camera:camera-camera2:1.2.1] AndroidManifest.xml:31:17-103
83                android:value="androidx.camera.camera2.Camera2Config$DefaultProvider" />
83-->[androidx.camera:camera-camera2:1.2.1] AndroidManifest.xml:32:17-86
84        </service>
85
86        <provider
86-->[androidx.emoji2:emoji2:1.3.0] AndroidManifest.xml:24:9-32:20
87            android:name="androidx.startup.InitializationProvider"
87-->[androidx.emoji2:emoji2:1.3.0] AndroidManifest.xml:25:13-67
88            android:authorities="com.dtt.qrcodereader.androidx-startup"
88-->[androidx.emoji2:emoji2:1.3.0] AndroidManifest.xml:26:13-68
89            android:exported="false" >
89-->[androidx.emoji2:emoji2:1.3.0] AndroidManifest.xml:27:13-37
90            <meta-data
90-->[androidx.emoji2:emoji2:1.3.0] AndroidManifest.xml:29:13-31:52
91                android:name="androidx.emoji2.text.EmojiCompatInitializer"
91-->[androidx.emoji2:emoji2:1.3.0] AndroidManifest.xml:30:17-75
92                android:value="androidx.startup" />
92-->[androidx.emoji2:emoji2:1.3.0] AndroidManifest.xml:31:17-49
93            <meta-data
93-->[androidx.lifecycle:lifecycle-process:2.6.2] AndroidManifest.xml:29:13-31:52
94                android:name="androidx.lifecycle.ProcessLifecycleInitializer"
94-->[androidx.lifecycle:lifecycle-process:2.6.2] AndroidManifest.xml:30:17-78
95                android:value="androidx.startup" />
95-->[androidx.lifecycle:lifecycle-process:2.6.2] AndroidManifest.xml:31:17-49
96            <meta-data
96-->[androidx.profileinstaller:profileinstaller:1.3.1] AndroidManifest.xml:29:13-31:52
97                android:name="androidx.profileinstaller.ProfileInstallerInitializer"
97-->[androidx.profileinstaller:profileinstaller:1.3.1] AndroidManifest.xml:30:17-85
98                android:value="androidx.startup" />
98-->[androidx.profileinstaller:profileinstaller:1.3.1] AndroidManifest.xml:31:17-49
99        </provider>
100
101        <receiver
101-->[androidx.profileinstaller:profileinstaller:1.3.1] AndroidManifest.xml:34:9-52:20
102            android:name="androidx.profileinstaller.ProfileInstallReceiver"
102-->[androidx.profileinstaller:profileinstaller:1.3.1] AndroidManifest.xml:35:13-76
103            android:directBootAware="false"
103-->[androidx.profileinstaller:profileinstaller:1.3.1] AndroidManifest.xml:36:13-44
104            android:enabled="true"
104-->[androidx.profileinstaller:profileinstaller:1.3.1] AndroidManifest.xml:37:13-35
105            android:exported="true"
105-->[androidx.profileinstaller:profileinstaller:1.3.1] AndroidManifest.xml:38:13-36
106            android:permission="android.permission.DUMP" >
106-->[androidx.profileinstaller:profileinstaller:1.3.1] AndroidManifest.xml:39:13-57
107            <intent-filter>
107-->[androidx.profileinstaller:profileinstaller:1.3.1] AndroidManifest.xml:40:13-42:29
108                <action android:name="androidx.profileinstaller.action.INSTALL_PROFILE" />
108-->[androidx.profileinstaller:profileinstaller:1.3.1] AndroidManifest.xml:41:17-91
108-->[androidx.profileinstaller:profileinstaller:1.3.1] AndroidManifest.xml:41:25-88
109            </intent-filter>
110            <intent-filter>
110-->[androidx.profileinstaller:profileinstaller:1.3.1] AndroidManifest.xml:43:13-45:29
111                <action android:name="androidx.profileinstaller.action.SKIP_FILE" />
111-->[androidx.profileinstaller:profileinstaller:1.3.1] AndroidManifest.xml:44:17-85
111-->[androidx.profileinstaller:profileinstaller:1.3.1] AndroidManifest.xml:44:25-82
112            </intent-filter>
113            <intent-filter>
113-->[androidx.profileinstaller:profileinstaller:1.3.1] AndroidManifest.xml:46:13-48:29
114                <action android:name="androidx.profileinstaller.action.SAVE_PROFILE" />
114-->[androidx.profileinstaller:profileinstaller:1.3.1] AndroidManifest.xml:47:17-88
114-->[androidx.profileinstaller:profileinstaller:1.3.1] AndroidManifest.xml:47:25-85
115            </intent-filter>
116            <intent-filter>
116-->[androidx.profileinstaller:profileinstaller:1.3.1] AndroidManifest.xml:49:13-51:29
117                <action android:name="androidx.profileinstaller.action.BENCHMARK_OPERATION" />
117-->[androidx.profileinstaller:profileinstaller:1.3.1] AndroidManifest.xml:50:17-95
117-->[androidx.profileinstaller:profileinstaller:1.3.1] AndroidManifest.xml:50:25-92
118            </intent-filter>
119        </receiver>
120    </application>
121
122</manifest>